<?xml version="1.0" encoding="UTF-8" ?>
<testsuite errors="1" failures="12" hostname="ZeroOnee" name="pojo.UserTest" skipped="0" tests="13" time="0.185" timestamp="2022-11-06T16:44:21">
  <properties>
[...]
</properties>
  <testcase classname="pojo.UserTest" name="testGetEmail" time="0.008">
    <failure message="expected:&lt;&gt; but was:&lt;null&gt;" type="junit.framework.AssertionFailedError">junit.framework.AssertionFailedError: expected:&lt;&gt; but was:&lt;null&gt;
	at pojo.UserTest.testGetEmail(UserTest.java:185)
</failure>
  </testcase>
  <testcase classname="pojo.UserTest" name="testGetTanggal" time="0.0">
    <failure message="The test case is a prototype." type="junit.framework.AssertionFailedError">junit.framework.AssertionFailedError: The test case is a prototype.
	at pojo.UserTest.testGetTanggal(UserTest.java:133)
</failure>
  </testcase>
  <testcase classname="pojo.UserTest" name="testGetId" time="0.0">
    <failure message="expected:&lt;null&gt; but was:&lt;0&gt;" type="junit.framework.AssertionFailedError">junit.framework.AssertionFailedError: expected:&lt;null&gt; but was:&lt;0&gt;
	at pojo.UserTest.testGetId(UserTest.java:50)
</failure>
  </testcase>
  <testcase classname="pojo.UserTest" name="testSetId" time="0.0">
    <error type="java.lang.NullPointerException">java.lang.NullPointerException
	at pojo.User.setId(User.java:46)
	at pojo.UserTest.testSetId(UserTest.java:63)
</error>
  </testcase>
  <testcase classname="pojo.UserTest" name="testToString" time="0.008">
    <failure message="expected:&lt;[]&gt; but was:&lt;[user&#xa;&#x9; RecordNo: null&#xa;&#x9; Nama: null&#xa;&#x9; Tanggal: null&#xa;&#x9; Jumlah Tiket: 0&#xa;&#x9; Email: null]&gt;" type="junit.framework.AssertionFailedError">junit.framework.AssertionFailedError: expected:&lt;[]&gt; but was:&lt;[user
	 RecordNo: null
	 Nama: null
	 Tanggal: null
	 Jumlah Tiket: 0
	 Email: null]&gt;
	at pojo.UserTest.testToString(UserTest.java:212)
</failure>
  </testcase>
  <testcase classname="pojo.UserTest" name="testSetjumlahtiket" time="0.0">
    <failure message="The test case is a prototype." type="junit.framework.AssertionFailedError">junit.framework.AssertionFailedError: The test case is a prototype.
	at pojo.UserTest.testSetjumlahtiket(UserTest.java:173)
</failure>
  </testcase>
  <testcase classname="pojo.UserTest" name="testGetNama" time="0.0">
    <failure message="expected:&lt;&gt; but was:&lt;null&gt;" type="junit.framework.AssertionFailedError">junit.framework.AssertionFailedError: expected:&lt;&gt; but was:&lt;null&gt;
	at pojo.UserTest.testGetNama(UserTest.java:104)
</failure>
  </testcase>
  <testcase classname="pojo.UserTest" name="testSetRecordNo" time="0.0">
    <failure message="The test case is a prototype." type="junit.framework.AssertionFailedError">junit.framework.AssertionFailedError: The test case is a prototype.
	at pojo.UserTest.testSetRecordNo(UserTest.java:92)
</failure>
  </testcase>
  <testcase classname="pojo.UserTest" name="testGetRecordNo" time="0.001">
    <failure message="expected:&lt;&gt; but was:&lt;null&gt;" type="junit.framework.AssertionFailedError">junit.framework.AssertionFailedError: expected:&lt;&gt; but was:&lt;null&gt;
	at pojo.UserTest.testGetRecordNo(UserTest.java:77)
</failure>
  </testcase>
  <testcase classname="pojo.UserTest" name="testSetTanggal" time="0.0">
    <failure message="The test case is a prototype." type="junit.framework.AssertionFailedError">junit.framework.AssertionFailedError: The test case is a prototype.
	at pojo.UserTest.testSetTanggal(UserTest.java:146)
</failure>
  </testcase>
  <testcase classname="pojo.UserTest" name="testGetjumlahtiket" time="0.007">
    <failure message="The test case is a prototype." type="junit.framework.AssertionFailedError">junit.framework.AssertionFailedError: The test case is a prototype.
	at pojo.UserTest.testGetjumlahtiket(UserTest.java:160)
</failure>
  </testcase>
  <testcase classname="pojo.UserTest" name="testSetNama" time="0.0">
    <failure message="The test case is a prototype." type="junit.framework.AssertionFailedError">junit.framework.AssertionFailedError: The test case is a prototype.
	at pojo.UserTest.testSetNama(UserTest.java:119)
</failure>
  </testcase>
  <testcase classname="pojo.UserTest" name="testSetEmail" time="0.008">
    <failure message="The test case is a prototype." type="junit.framework.AssertionFailedError">junit.framework.AssertionFailedError: The test case is a prototype.
	at pojo.UserTest.testSetEmail(UserTest.java:200)
</failure>
  </testcase>
  <system-out><![CDATA[getEmail
getTanggal
getId
setId
toString
setjumlahtiket
getNama
setRecordNo
getRecordNo
setTanggal
getjumlahtiket
setNama
setEmail
]]></system-out>
  <system-err><![CDATA[]]></system-err>
</testsuite>
